INFO     [2013-10-24 01:30:13,132] No OpenGL_accelerate module loaded: No module named OpenGL_accelerate
INFO     [2013-10-24 01:30:13,285] Unable to load registered array format handler numeric:
Traceback (most recent call last):
  File "C:\Anaconda\lib\site-packages\OpenGL\arrays\formathandler.py", line 35, in loadPlugin
    plugin_class = entrypoint.load()
  File "C:\Anaconda\lib\site-packages\OpenGL\plugins.py", line 14, in load
    return importByName( self.import_path )
  File "C:\Anaconda\lib\site-packages\OpenGL\plugins.py", line 28, in importByName
    module = __import__( ".".join(moduleName), {}, {}, moduleName)
  File "C:\Anaconda\lib\site-packages\OpenGL\arrays\numeric.py", line 15, in <module>
    raise ImportError( """No Numeric module present: %s"""%(err))
ImportError: No Numeric module present: No module named Numeric

INFO     [2013-10-24 01:30:13,289] Unable to load registered array format handler vbo:
Traceback (most recent call last):
  File "C:\Anaconda\lib\site-packages\OpenGL\arrays\formathandler.py", line 35, in loadPlugin
    plugin_class = entrypoint.load()
  File "C:\Anaconda\lib\site-packages\OpenGL\plugins.py", line 14, in load
    return importByName( self.import_path )
  File "C:\Anaconda\lib\site-packages\OpenGL\plugins.py", line 28, in importByName
    module = __import__( ".".join(moduleName), {}, {}, moduleName)
  File "C:\Anaconda\lib\site-packages\OpenGL\arrays\vbo.py", line 33, in <module>
    from OpenGL import GL
ImportError: cannot import name GL

INFO     [2013-10-24 01:30:13,289] Unable to load registered array format handler vbooffset:
Traceback (most recent call last):
  File "C:\Anaconda\lib\site-packages\OpenGL\arrays\formathandler.py", line 35, in loadPlugin
    plugin_class = entrypoint.load()
  File "C:\Anaconda\lib\site-packages\OpenGL\plugins.py", line 14, in load
    return importByName( self.import_path )
  File "C:\Anaconda\lib\site-packages\OpenGL\plugins.py", line 28, in importByName
    module = __import__( ".".join(moduleName), {}, {}, moduleName)
  File "C:\Anaconda\lib\site-packages\OpenGL\arrays\vbo.py", line 33, in <module>
    from OpenGL import GL
ImportError: cannot import name GL

INFO     [2013-10-24 01:30:13,687] Parsing STL text model
INFO     [2013-10-24 01:30:14,858] minx = -25.400 	 maxx = 25.400
INFO     [2013-10-24 01:30:14,858] miny = -15.079 	 maxy = 15.079
INFO     [2013-10-24 01:30:14,858] minz = 0.000 	 maxz = 82.550
INFO     [2013-10-24 01:30:15,157] New scales:
INFO     [2013-10-24 01:30:15,345] minx = 0.000 	 maxx = 82.550
INFO     [2013-10-24 01:30:15,345] miny = -15.079 	 maxy = 15.079
INFO     [2013-10-24 01:30:15,345] minz = -25.400 	 maxz = 25.400
INFO     [2013-10-24 01:30:15,655] New scales:
INFO     [2013-10-24 01:30:15,852] minx = 0.000 	 maxx = 82.550
INFO     [2013-10-24 01:30:15,852] miny = -15.079 	 maxy = 15.079
INFO     [2013-10-24 01:30:15,852] minz = -25.400 	 maxz = 25.400
INFO     [2013-10-24 01:30:16,223] get_lines_in_row:  Met vertex on 7.500000 slice in -13.078213 row. Skipped.
